# JRE version: OpenJDK Runtime Environment (8.0_282-b08) (build 1.8.0_282-b08)
# Java VM: OpenJDK 64-Bit Server VM (25.282-b08 mixed mode windows-amd64 compressed oops)
Heap:
 PSYoungGen      total 161280K, used 67431K [0x00000000f5580000, 0x0000000100000000, 0x0000000100000000)
  eden space 147968K, 36% used [0x00000000f5580000,0x00000000f8a5b000,0x00000000fe600000)
  from space 13312K, 99% used [0x00000000fe600000,0x00000000ff2feea0,0x00000000ff300000)
  to   space 13312K, 0% used [0x00000000ff300000,0x00000000ff300000,0x0000000100000000)
 ParOldGen       total 175104K, used 23756K [0x00000000e0000000, 0x00000000eab00000, 0x00000000f5580000)
  object space 175104K, 13% used [0x00000000e0000000,0x00000000e1733228,0x00000000eab00000)
 Metaspace       used 55131K, capacity 57430K, committed 57728K, reserved 1099776K
  class space    used 7699K, capacity 8269K, committed 8320K, reserved 1048576K
GC Heap History (10 events):
Event: 15.548 GC heap before
{Heap before GC invocations=7 (full 1):
 PSYoungGen      total 76288K, used 73944K [0x00000000f5580000, 0x00000000fd480000, 0x0000000100000000)
  eden space 65536K, 100% used [0x00000000f5580000,0x00000000f9580000,0x00000000f9580000)
  from space 10752K, 78% used [0x00000000f9580000,0x00000000f9db60a0,0x00000000fa000000)
  to   space 11776K, 0% used [0x00000000fc900000,0x00000000fc900000,0x00000000fd480000)
 ParOldGen       total 175104K, used 7191K [0x00000000e0000000, 0x00000000eab00000, 0x00000000f5580000)
  object space 175104K, 4% used [0x00000000e0000000,0x00000000e0705f48,0x00000000eab00000)
 Metaspace       used 32174K, capacity 33038K, committed 33280K, reserved 1077248K
  class space    used 4500K, capacity 4781K, committed 4864K, reserved 1048576K
Event: 15.568 GC heap after
Heap after GC invocations=7 (full 1):
 PSYoungGen      total 113664K, used 9841K [0x00000000f5580000, 0x00000000fd300000, 0x0000000100000000)
  eden space 103424K, 0% used [0x00000000f5580000,0x00000000f5580000,0x00000000fba80000)
  from space 10240K, 96% used [0x00000000fc900000,0x00000000fd29c718,0x00000000fd300000)
  to   space 12288K, 0% used [0x00000000fbb00000,0x00000000fbb00000,0x00000000fc700000)
 ParOldGen       total 175104K, used 7199K [0x00000000e0000000, 0x00000000eab00000, 0x00000000f5580000)
  object space 175104K, 4% used [0x00000000e0000000,0x00000000e0707f48,0x00000000eab00000)
 Metaspace       used 32174K, capacity 33038K, committed 33280K, reserved 1077248K
  class space    used 4500K, capacity 4781K, committed 4864K, reserved 1048576K
}
Event: 16.469 GC heap before
{Heap before GC invocations=8 (full 1):
 PSYoungGen      total 113664K, used 55407K [0x00000000f5580000, 0x00000000fd300000, 0x0000000100000000)
  eden space 103424K, 44% used [0x00000000f5580000,0x00000000f81ff7e8,0x00000000fba80000)
  from space 10240K, 96% used [0x00000000fc900000,0x00000000fd29c718,0x00000000fd300000)
  to   space 12288K, 0% used [0x00000000fbb00000,0x00000000fbb00000,0x00000000fc700000)
 ParOldGen       total 175104K, used 7199K [0x00000000e0000000, 0x00000000eab00000, 0x00000000f5580000)
  object space 175104K, 4% used [0x00000000e0000000,0x00000000e0707f48,0x00000000eab00000)
 Metaspace       used 34323K, capacity 35354K, committed 35496K, reserved 1079296K
  class space    used 4822K, capacity 5129K, committed 5248K, reserved 1048576K
Event: 16.480 GC heap after
Heap after GC invocations=8 (full 1):
 PSYoungGen      total 116224K, used 10014K [0x00000000f5580000, 0x0000000100000000, 0x0000000100000000)
  eden space 103936K, 0% used [0x00000000f5580000,0x00000000f5580000,0x00000000fbb00000)
  from space 12288K, 81% used [0x00000000fbb00000,0x00000000fc4c7950,0x00000000fc700000)
  to   space 12288K, 0% used [0x00000000ff400000,0x00000000ff400000,0x0000000100000000)
 ParOldGen       total 175104K, used 7199K [0x00000000e0000000, 0x00000000eab00000, 0x00000000f5580000)
  object space 175104K, 4% used [0x00000000e0000000,0x00000000e0707f48,0x00000000eab00000)
 Metaspace       used 34323K, capacity 35354K, committed 35496K, reserved 1079296K
  class space    used 4822K, capacity 5129K, committed 5248K, reserved 1048576K
}
Event: 16.480 GC heap before
{Heap before GC invocations=9 (full 2):
 PSYoungGen      total 116224K, used 10014K [0x00000000f5580000, 0x0000000100000000, 0x0000000100000000)
  eden space 103936K, 0% used [0x00000000f5580000,0x00000000f5580000,0x00000000fbb00000)
  from space 12288K, 81% used [0x00000000fbb00000,0x00000000fc4c7950,0x00000000fc700000)
  to   space 12288K, 0% used [0x00000000ff400000,0x00000000ff400000,0x0000000100000000)
 ParOldGen       total 175104K, used 7199K [0x00000000e0000000, 0x00000000eab00000, 0x00000000f5580000)
  object space 175104K, 4% used [0x00000000e0000000,0x00000000e0707f48,0x00000000eab00000)
 Metaspace       used 34323K, capacity 35354K, committed 35496K, reserved 1079296K
  class space    used 4822K, capacity 5129K, committed 5248K, reserved 1048576K
Event: 16.571 GC heap after
Heap after GC invocations=9 (full 2):
 PSYoungGen      total 116224K, used 0K [0x00000000f5580000, 0x0000000100000000, 0x0000000100000000)
  eden space 103936K, 0% used [0x00000000f5580000,0x00000000f5580000,0x00000000fbb00000)
  from space 12288K, 0% used [0x00000000fbb00000,0x00000000fbb00000,0x00000000fc700000)
  to   space 12288K, 0% used [0x00000000ff400000,0x00000000ff400000,0x0000000100000000)
 ParOldGen       total 175104K, used 16269K [0x00000000e0000000, 0x00000000eab00000, 0x00000000f5580000)
  object space 175104K, 9% used [0x00000000e0000000,0x00000000e0fe36d0,0x00000000eab00000)
 Metaspace       used 34323K, capacity 35354K, committed 35496K, reserved 1079296K
  class space    used 4822K, capacity 5129K, committed 5248K, reserved 1048576K
}
Event: 20.149 GC heap before
{Heap before GC invocations=10 (full 2):
 PSYoungGen      total 116224K, used 103936K [0x00000000f5580000, 0x0000000100000000, 0x0000000100000000)
  eden space 103936K, 100% used [0x00000000f5580000,0x00000000fbb00000,0x00000000fbb00000)
  from space 12288K, 0% used [0x00000000fbb00000,0x00000000fbb00000,0x00000000fc700000)
  to   space 12288K, 0% used [0x00000000ff400000,0x00000000ff400000,0x0000000100000000)
 ParOldGen       total 175104K, used 16269K [0x00000000e0000000, 0x00000000eab00000, 0x00000000f5580000)
  object space 175104K, 9% used [0x00000000e0000000,0x00000000e0fe36d0,0x00000000eab00000)
 Metaspace       used 43162K, capacity 44772K, committed 44928K, reserved 1087488K
  class space    used 5995K, capacity 6430K, committed 6528K, reserved 1048576K
Event: 20.166 GC heap after
Heap after GC invocations=10 (full 2):
 PSYoungGen      total 160256K, used 11362K [0x00000000f5580000, 0x0000000100000000, 0x0000000100000000)
  eden space 147968K, 0% used [0x00000000f5580000,0x00000000f5580000,0x00000000fe600000)
  from space 12288K, 92% used [0x00000000ff400000,0x00000000fff18a50,0x0000000100000000)
  to   space 13312K, 0% used [0x00000000fe600000,0x00000000fe600000,0x00000000ff300000)
 ParOldGen       total 175104K, used 16277K [0x00000000e0000000, 0x00000000eab00000, 0x00000000f5580000)
  object space 175104K, 9% used [0x00000000e0000000,0x00000000e0fe56d0,0x00000000eab00000)
 Metaspace       used 43162K, capacity 44772K, committed 44928K, reserved 1087488K
  class space    used 5995K, capacity 6430K, committed 6528K, reserved 1048576K
}
Event: 36.421 GC heap before
{Heap before GC invocations=11 (full 2):
 PSYoungGen      total 160256K, used 159330K [0x00000000f5580000, 0x0000000100000000, 0x0000000100000000)
  eden space 147968K, 100% used [0x00000000f5580000,0x00000000fe600000,0x00000000fe600000)
  from space 12288K, 92% used [0x00000000ff400000,0x00000000fff18a50,0x0000000100000000)
  to   space 13312K, 0% used [0x00000000fe600000,0x00000000fe600000,0x00000000ff300000)
 ParOldGen       total 175104K, used 16277K [0x00000000e0000000, 0x00000000eab00000, 0x00000000f5580000)
  object space 175104K, 9% used [0x00000000e0000000,0x00000000e0fe56d0,0x00000000eab00000)
 Metaspace       used 52164K, capacity 54250K, committed 54400K, reserved 1095680K
  class space    used 7227K, capacity 7754K, committed 7808K, reserved 1048576K
Event: 37.294 GC heap after
Heap after GC invocations=11 (full 2):
 PSYoungGen      total 161280K, used 13307K [0x00000000f5580000, 0x0000000100000000, 0x0000000100000000)
  eden space 147968K, 0% used [0x00000000f5580000,0x00000000f5580000,0x00000000fe600000)
  from space 13312K, 99% used [0x00000000fe600000,0x00000000ff2feea0,0x00000000ff300000)
  to   space 13312K, 0% used [0x00000000ff300000,0x00000000ff300000,0x0000000100000000)
 ParOldGen       total 175104K, used 23756K [0x00000000e0000000, 0x00000000eab00000, 0x00000000f5580000)
  object space 175104K, 13% used [0x00000000e0000000,0x00000000e1733228,0x00000000eab00000)
 Metaspace       used 52164K, capacity 54250K, committed 54400K, reserved 1095680K
  class space    used 7227K, capacity 7754K, committed 7808K, reserved 1048576K
}

