# JRE version: OpenJDK Runtime Environment (8.0_282-b08) (build 1.8.0_282-b08)
# Java VM: OpenJDK 64-Bit Server VM (25.282-b08 mixed mode windows-amd64 compressed oops)
Heap:
 PSYoungGen      total 139264K, used 109700K [0x00000000f5580000, 0x0000000100000000, 0x0000000100000000)
  eden space 108032K, 93% used [0x00000000f5580000,0x00000000fb87cce8,0x00000000fbf00000)
  from space 31232K, 26% used [0x00000000fbf00000,0x00000000fc724348,0x00000000fdd80000)
  to   space 30208K, 0% used [0x00000000fe280000,0x00000000fe280000,0x0000000100000000)
 ParOldGen       total 214016K, used 124534K [0x00000000e0000000, 0x00000000ed100000, 0x00000000f5580000)
  object space 214016K, 58% used [0x00000000e0000000,0x00000000e799da88,0x00000000ed100000)
 Metaspace       used 91187K, capacity 95794K, committed 95960K, reserved 1132544K
  class space    used 12065K, capacity 12975K, committed 13056K, reserved 1048576K
GC Heap History (10 events):
Event: 93.144 GC heap before
{Heap before GC invocations=41 (full 4):
 PSYoungGen      total 133120K, used 120903K [0x00000000f5580000, 0x0000000100000000, 0x0000000100000000)
  eden space 103936K, 100% used [0x00000000f5580000,0x00000000fbb00000,0x00000000fbb00000)
  from space 29184K, 58% used [0x00000000fe380000,0x00000000ff411ee0,0x0000000100000000)
  to   space 35328K, 0% used [0x00000000fbb00000,0x00000000fbb00000,0x00000000fdd80000)
 ParOldGen       total 214016K, used 87987K [0x00000000e0000000, 0x00000000ed100000, 0x00000000f5580000)
  object space 214016K, 41% used [0x00000000e0000000,0x00000000e55ecd00,0x00000000ed100000)
 Metaspace       used 90750K, capacity 95350K, committed 95448K, reserved 1132544K
  class space    used 12061K, capacity 12971K, committed 13056K, reserved 1048576K
Event: 93.274 GC heap after
Heap after GC invocations=41 (full 4):
 PSYoungGen      total 139264K, used 6726K [0x00000000f5580000, 0x0000000100000000, 0x0000000100000000)
  eden space 103936K, 0% used [0x00000000f5580000,0x00000000f5580000,0x00000000fbb00000)
  from space 35328K, 19% used [0x00000000fbb00000,0x00000000fc191a18,0x00000000fdd80000)
  to   space 34304K, 0% used [0x00000000fde80000,0x00000000fde80000,0x0000000100000000)
 ParOldGen       total 214016K, used 102882K [0x00000000e0000000, 0x00000000ed100000, 0x00000000f5580000)
  object space 214016K, 48% used [0x00000000e0000000,0x00000000e64788b0,0x00000000ed100000)
 Metaspace       used 90750K, capacity 95350K, committed 95448K, reserved 1132544K
  class space    used 12061K, capacity 12971K, committed 13056K, reserved 1048576K
}
Event: 93.850 GC heap before
{Heap before GC invocations=42 (full 4):
 PSYoungGen      total 139264K, used 110662K [0x00000000f5580000, 0x0000000100000000, 0x0000000100000000)
  eden space 103936K, 100% used [0x00000000f5580000,0x00000000fbb00000,0x00000000fbb00000)
  from space 35328K, 19% used [0x00000000fbb00000,0x00000000fc191a18,0x00000000fdd80000)
  to   space 34304K, 0% used [0x00000000fde80000,0x00000000fde80000,0x0000000100000000)
 ParOldGen       total 214016K, used 102882K [0x00000000e0000000, 0x00000000ed100000, 0x00000000f5580000)
  object space 214016K, 48% used [0x00000000e0000000,0x00000000e64788b0,0x00000000ed100000)
 Metaspace       used 90857K, capacity 95428K, committed 95704K, reserved 1132544K
  class space    used 12065K, capacity 12974K, committed 13056K, reserved 1048576K
Event: 94.012 GC heap after
Heap after GC invocations=42 (full 4):
 PSYoungGen      total 137216K, used 6373K [0x00000000f5580000, 0x00000000ffe00000, 0x0000000100000000)
  eden space 104960K, 0% used [0x00000000f5580000,0x00000000f5580000,0x00000000fbc00000)
  from space 32256K, 19% used [0x00000000fde80000,0x00000000fe4b9490,0x00000000ffe00000)
  to   space 33792K, 0% used [0x00000000fbc00000,0x00000000fbc00000,0x00000000fdd00000)
 ParOldGen       total 214016K, used 108128K [0x00000000e0000000, 0x00000000ed100000, 0x00000000f5580000)
  object space 214016K, 50% used [0x00000000e0000000,0x00000000e6998138,0x00000000ed100000)
 Metaspace       used 90857K, capacity 95428K, committed 95704K, reserved 1132544K
  class space    used 12065K, capacity 12974K, committed 13056K, reserved 1048576K
}
Event: 94.617 GC heap before
{Heap before GC invocations=43 (full 4):
 PSYoungGen      total 137216K, used 111333K [0x00000000f5580000, 0x00000000ffe00000, 0x0000000100000000)
  eden space 104960K, 100% used [0x00000000f5580000,0x00000000fbc00000,0x00000000fbc00000)
  from space 32256K, 19% used [0x00000000fde80000,0x00000000fe4b9490,0x00000000ffe00000)
  to   space 33792K, 0% used [0x00000000fbc00000,0x00000000fbc00000,0x00000000fdd00000)
 ParOldGen       total 214016K, used 108128K [0x00000000e0000000, 0x00000000ed100000, 0x00000000f5580000)
  object space 214016K, 50% used [0x00000000e0000000,0x00000000e6998138,0x00000000ed100000)
 Metaspace       used 91021K, capacity 95580K, committed 95704K, reserved 1132544K
  class space    used 12065K, capacity 12974K, committed 13056K, reserved 1048576K
Event: 94.667 GC heap after
Heap after GC invocations=43 (full 4):
 PSYoungGen      total 138752K, used 5560K [0x00000000f5580000, 0x00000000fff80000, 0x0000000100000000)
  eden space 104960K, 0% used [0x00000000f5580000,0x00000000f5580000,0x00000000fbc00000)
  from space 33792K, 16% used [0x00000000fbc00000,0x00000000fc16e1c0,0x00000000fdd00000)
  to   space 32768K, 0% used [0x00000000fdf80000,0x00000000fdf80000,0x00000000fff80000)
 ParOldGen       total 214016K, used 112779K [0x00000000e0000000, 0x00000000ed100000, 0x00000000f5580000)
  object space 214016K, 52% used [0x00000000e0000000,0x00000000e6e22ef0,0x00000000ed100000)
 Metaspace       used 91021K, capacity 95580K, committed 95704K, reserved 1132544K
  class space    used 12065K, capacity 12974K, committed 13056K, reserved 1048576K
}
Event: 95.266 GC heap before
{Heap before GC invocations=44 (full 4):
 PSYoungGen      total 138752K, used 110520K [0x00000000f5580000, 0x00000000fff80000, 0x0000000100000000)
  eden space 104960K, 100% used [0x00000000f5580000,0x00000000fbc00000,0x00000000fbc00000)
  from space 33792K, 16% used [0x00000000fbc00000,0x00000000fc16e1c0,0x00000000fdd00000)
  to   space 32768K, 0% used [0x00000000fdf80000,0x00000000fdf80000,0x00000000fff80000)
 ParOldGen       total 214016K, used 112779K [0x00000000e0000000, 0x00000000ed100000, 0x00000000f5580000)
  object space 214016K, 52% used [0x00000000e0000000,0x00000000e6e22ef0,0x00000000ed100000)
 Metaspace       used 91088K, capacity 95652K, committed 95960K, reserved 1132544K
  class space    used 12065K, capacity 12974K, committed 13056K, reserved 1048576K
Event: 95.444 GC heap after
Heap after GC invocations=44 (full 4):
 PSYoungGen      total 137216K, used 9255K [0x00000000f5580000, 0x00000000ffc00000, 0x0000000100000000)
  eden space 108032K, 0% used [0x00000000f5580000,0x00000000f5580000,0x00000000fbf00000)
  from space 29184K, 31% used [0x00000000fdf80000,0x00000000fe889ec8,0x00000000ffc00000)
  to   space 31232K, 0% used [0x00000000fbf00000,0x00000000fbf00000,0x00000000fdd80000)
 ParOldGen       total 214016K, used 117209K [0x00000000e0000000, 0x00000000ed100000, 0x00000000f5580000)
  object space 214016K, 54% used [0x00000000e0000000,0x00000000e72765d8,0x00000000ed100000)
 Metaspace       used 91088K, capacity 95652K, committed 95960K, reserved 1132544K
  class space    used 12065K, capacity 12974K, committed 13056K, reserved 1048576K
}
Event: 95.863 GC heap before
{Heap before GC invocations=45 (full 4):
 PSYoungGen      total 137216K, used 117287K [0x00000000f5580000, 0x00000000ffc00000, 0x0000000100000000)
  eden space 108032K, 100% used [0x00000000f5580000,0x00000000fbf00000,0x00000000fbf00000)
  from space 29184K, 31% used [0x00000000fdf80000,0x00000000fe889ec8,0x00000000ffc00000)
  to   space 31232K, 0% used [0x00000000fbf00000,0x00000000fbf00000,0x00000000fdd80000)
 ParOldGen       total 214016K, used 117209K [0x00000000e0000000, 0x00000000ed100000, 0x00000000f5580000)
  object space 214016K, 54% used [0x00000000e0000000,0x00000000e72765d8,0x00000000ed100000)
 Metaspace       used 91131K, capacity 95656K, committed 95960K, reserved 1132544K
  class space    used 12065K, capacity 12974K, committed 13056K, reserved 1048576K
Event: 96.077 GC heap after
Heap after GC invocations=45 (full 4):
 PSYoungGen      total 139264K, used 8336K [0x00000000f5580000, 0x0000000100000000, 0x0000000100000000)
  eden space 108032K, 0% used [0x00000000f5580000,0x00000000f5580000,0x00000000fbf00000)
  from space 31232K, 26% used [0x00000000fbf00000,0x00000000fc724348,0x00000000fdd80000)
  to   space 30208K, 0% used [0x00000000fe280000,0x00000000fe280000,0x0000000100000000)
 ParOldGen       total 214016K, used 124534K [0x00000000e0000000, 0x00000000ed100000, 0x00000000f5580000)
  object space 214016K, 58% used [0x00000000e0000000,0x00000000e799da88,0x00000000ed100000)
 Metaspace       used 91131K, capacity 95656K, committed 95960K, reserved 1132544K
  class space    used 12065K, capacity 12974K, committed 13056K, reserved 1048576K
}

